<?xml version="1.0" encoding="UTF-8"?>
<!-- Generated by org.testng.reporters.JUnitReportReporter -->
<testsuite hostname="Md-Nazmul-Islam" failures="0" tests="2" name="othersCoding.AnnotationTest" time="0.005" errors="0" timestamp="2021-12-20T13:15:48 EST" skipped="0">
  <testcase classname="othersCoding.AnnotationTest" name="testCase1" time="0.003"/>
  <system-out>
    <![CDATA[-- testCase1 -- This is executable block of code]]>
  </system-out>
  <testcase classname="othersCoding.AnnotationTest" name="testCase2" time="0.002"/>
  <system-out>
    <![CDATA[-- testCase2 -- This is second test case]]>
  </system-out>
</testsuite> <!-- othersCoding.AnnotationTest -->
