<?xml version="1.0" encoding="UTF-8"?>
<!-- Generated by org.testng.reporters.JUnitReportReporter -->
<testsuite hostname="Md-Nazmul-Islam" failures="0" tests="4" name="basicCoding.SimpleAnnotationExamples" time="0.003" errors="0" timestamp="2021-12-17T12:11:08 EST" skipped="0">
  <testcase classname="basicCoding.SimpleAnnotationExamples" name="testMethod3" time="0.001"/>
  <system-out/>
  <testcase classname="basicCoding.SimpleAnnotationExamples" name="testMethod" time="0.001"/>
  <system-out/>
  <testcase classname="basicCoding.SimpleAnnotationExamples" name="testMethod1" time="0.000"/>
  <system-out/>
  <testcase classname="basicCoding.SimpleAnnotationExamples" name="testMethod2" time="0.001"/>
  <system-out/>
</testsuite> <!-- basicCoding.SimpleAnnotationExamples -->
