<?xml version="1.0" encoding="UTF-8"?>
<!-- Generated by org.testng.reporters.JUnitReportReporter -->
<testsuite hostname="Md-Nazmul-Islam" failures="0" tests="1" name="basicCoding.AnnotationTest" time="0.006" errors="0" timestamp="2021-12-20T10:57:57 EST" skipped="0">
  <testcase classname="basicCoding.AnnotationTest" name="testMethod" time="0.006"/>
  <system-out/>
</testsuite> <!-- basicCoding.AnnotationTest -->
