<?xml version="1.0" encoding="UTF-8"?>
<!-- Generated by org.testng.reporters.JUnitReportReporter -->
<testsuite hostname="Md-Nazmul-Islam" failures="0" tests="7" name="othersCoding.AppDemo" time="0.007" errors="0" timestamp="2021-12-20T11:41:57 EST" skipped="1">
  <testcase classname="othersCoding.AppDemo" name="deletUser" time="0.005"/>
  <system-out/>
  <testcase classname="othersCoding.AppDemo" name="deletUser" time="0.000"/>
  <system-out/>
  <testcase classname="othersCoding.AppDemo" name="deletUser" time="0.000"/>
  <system-out/>
  <testcase classname="othersCoding.AppDemo" name="deletUser" time="0.001"/>
  <system-out/>
  <testcase classname="othersCoding.AppDemo" name="deletUser" time="0.000"/>
  <system-out/>
  <testcase classname="othersCoding.AppDemo" name="createUser" time="0.001"/>
  <system-out/>
  <testcase classname="othersCoding.AppDemo" name="editUser">
    <skipped/>
  </testcase> <!-- editUser -->
  <system-out/>
</testsuite> <!-- othersCoding.AppDemo -->
