<?xml version="1.0" encoding="UTF-8"?>
<!-- Generated by org.testng.reporters.JUnitReportReporter -->
<testsuite hostname="Md-Nazmul-Islam" failures="0" tests="1" name="basicCoding.NewTest" time="0.003" errors="0" timestamp="2021-12-17T12:11:08 EST" skipped="0">
  <testcase classname="basicCoding.NewTest" name="testMethod" time="0.003"/>
  <system-out/>
</testsuite> <!-- basicCoding.NewTest -->
