<?xml version="1.0" encoding="UTF-8"?>
<!-- Generated by org.testng.reporters.JUnitReportReporter -->
<testsuite hostname="Md-Nazmul-Islam" failures="0" tests="3" name="othersCoding.GroupTest" time="0.007" errors="0" timestamp="2021-12-20T12:18:51 EST" skipped="0">
  <testcase classname="othersCoding.GroupTest" name="editUser" time="0.001"/>
  <system-out>
    <![CDATA[Edited ]]>
  </system-out>
  <testcase classname="othersCoding.GroupTest" name="createUser" time="0.005"/>
  <system-out>
    <![CDATA[Created ]]>
  </system-out>
  <testcase classname="othersCoding.GroupTest" name="deletUser" time="0.001"/>
  <system-out>
    <![CDATA[Delete ]]>
  </system-out>
</testsuite> <!-- othersCoding.GroupTest -->
