<?xml version="1.0" encoding="UTF-8"?>
<!-- Generated by org.testng.reporters.JUnitReportReporter -->
<testsuite hostname="Md-Nazmul-Islam" failures="0" tests="3" name="othersCoding.PriorityTest" time="0.007" errors="0" timestamp="2021-12-20T11:27:43 EST" skipped="0">
  <testcase classname="othersCoding.PriorityTest" name="deleteUser" time="0.001"/>
  <system-out/>
  <testcase classname="othersCoding.PriorityTest" name="createUser" time="0.005"/>
  <system-out/>
  <testcase classname="othersCoding.PriorityTest" name="updateUser" time="0.001"/>
  <system-out/>
</testsuite> <!-- othersCoding.PriorityTest -->
